#
# There is insufficient memory for the Java Runtime Environment to continue.
# Native memory allocation (mmap) failed to map 132120576 bytes for G1 virtual space
# Possible reasons:
#   The system is out of physical RAM or swap space
#   The process is running with CompressedOops enabled, and the Java Heap may be blocking the growth of the native heap
# Possible solutions:
#   Reduce memory load on the system
#   Increase physical memory or swap space
#   Check if swap backing store is full
#   Decrease Java heap size (-Xmx/-Xms)
#   Decrease number of Java threads
#   Decrease Java thread stack sizes (-Xss)
#   Set larger code cache with -XX:ReservedCodeCacheSize=
#   JVM is running with Unscaled Compressed Oops mode in which the Java heap is
#     placed in the first 4GB address space. The Java Heap base address is the
#     maximum limit for the native heap growth. Please use -XX:HeapBaseMinAddress
#     to set the Java Heap base and to place the Java Heap above 4GB virtual address.
# This output file may be truncated or incomplete.
#
#  Out of Memory Error (os_windows.cpp:3613), pid=19856, tid=2772
#
# JRE version:  (17.0.10+7) (build )
# Java VM: OpenJDK 64-Bit Server VM (17.0.10+7, mixed mode, sharing, tiered, compressed oops, compressed class ptrs, g1 gc, windows-amd64)
# No core dump will be written. Minidumps are not enabled by default on client versions of Windows
#

---------------  S U M M A R Y ------------

Command Line: -XX:+ShowCodeDetailsInExceptionMessages App

Host: 11th Gen Intel(R) Core(TM) i5-1135G7 @ 2.40GHz, 8 cores, 7G,  Windows 11 , 64 bit Build 22000 (10.0.22000.2538)
Time: Mon Apr 22 18:31:16 2024 Pacific Daylight Time elapsed time: 0.012898 seconds (0d 0h 0m 0s)

---------------  T H R E A D  ---------------

Current thread (0x000001e2c1ca73f0):  JavaThread "Unknown thread" [_thread_in_vm, id=2772, stack(0x00000037a6200000,0x00000037a6300000)]

Stack: [0x00000037a6200000,0x00000037a6300000]
Native frames: (J=compiled Java code, j=interpreted, Vv=VM code, C=native code)
V  [jvm.dll+0x67d2c9]
V  [jvm.dll+0x834afa]
V  [jvm.dll+0x8365be]
V  [jvm.dll+0x836c23]
V  [jvm.dll+0x2477ff]
V  [jvm.dll+0x67a109]
V  [jvm.dll+0x66eb7a]
V  [jvm.dll+0x30764b]
V  [jvm.dll+0x30eaf6]
V  [jvm.dll+0x35e83e]
V  [jvm.dll+0x35ea6f]
V  [jvm.dll+0x2de248]
V  [jvm.dll+0x2df1b4]
V  [jvm.dll+0x806361]
V  [jvm.dll+0x36c6f1]
V  [jvm.dll+0x7e4e06]
V  [jvm.dll+0x3eff3f]
V  [jvm.dll+0x3f1b71]
C  [jli.dll+0x528f]
C  [ucrtbase.dll+0x26c0c]
C  [KERNEL32.DLL+0x153e0]
C  [ntdll.dll+0x485b]


---------------  P R O C E S S  ---------------

Threads class SMR info:
_java_thread_list=0x00007ffa0de4ee98, length=0, elements={
}

Java Threads: ( => current thread )

Other Threads:
  0x000001e2c1d04bb0 GCTaskThread "GC Thread#0" [stack: 0x00000037a6300000,0x00000037a6400000] [id=7948]
  0x000001e2c1d155c0 ConcurrentGCThread "G1 Main Marker" [stack: 0x00000037a6400000,0x00000037a6500000] [id=15236]
  0x000001e2c1d15fe0 ConcurrentGCThread "G1 Conc#0" [stack: 0x00000037a6500000,0x00000037a6600000] [id=13508]

[error occurred during error reporting (printing all threads), id 0xc0000005, EXCEPTION_ACCESS_VIOLATION (0xc0000005) at pc=0x00007ffa0d60ec87]

VM state: not at safepoint (not fully initialized)

VM Mutex/Monitor currently owned by a thread:  ([mutex/lock_event])
[0x000001e2c1ca33f0] Heap_lock - owner thread: 0x000001e2c1ca73f0

Heap address: 0x0000000082a00000, size: 2006 MB, Compressed Oops mode: 32-bit

CDS archive(s) mapped at: [0x0000000000000000-0x0000000000000000-0x0000000000000000), size 0, SharedBaseAddress: 0x0000000800000000, ArchiveRelocationMode: 1.
Narrow klass base: 0x0000000000000000, Narrow klass shift: 0, Narrow klass range: 0x0

GC Precious Log:
<Empty>

Heap:
 garbage-first heap   total 0K, used 0K [0x0000000082a00000, 0x0000000100000000)
  region size 1024K, 0 young (0K), 0 survivors (0K)

[error occurred during error reporting (printing heap information), id 0xc0000005, EXCEPTION_ACCESS_VIOLATION (0xc0000005) at pc=0x00007ffa0d9f6fb9]

GC Heap History (0 events):
No events

Dll operation events (1 events):
Event: 0.005 Loaded shared library C:\Users\Daniel\AppData\Local\Programs\Eclipse Adoptium\jdk-17.0.10.7-hotspot\bin\java.dll

Deoptimization events (0 events):
No events

Classes unloaded (0 events):
No events

Classes redefined (0 events):
No events

Internal exceptions (0 events):
No events

VM Operations (0 events):
No events

Events (0 events):
No events


Dynamic libraries:
0x00007ff79da40000 - 0x00007ff79da4e000 	C:\Users\Daniel\AppData\Local\Programs\Eclipse Adoptium\jdk-17.0.10.7-hotspot\bin\java.exe
0x00007ffa9d080000 - 0x00007ffa9d289000 	C:\WINDOWS\SYSTEM32\ntdll.dll
0x00007ffa9c2d0000 - 0x00007ffa9c38d000 	C:\WINDOWS\System32\KERNEL32.DLL
0x00007ffa9a810000 - 0x00007ffa9ab94000 	C:\WINDOWS\System32\KERNELBASE.dll
0x00007ffa9a510000 - 0x00007ffa9a621000 	C:\WINDOWS\System32\ucrtbase.dll
0x00007ffa87ba0000 - 0x00007ffa87bb7000 	C:\Users\Daniel\AppData\Local\Programs\Eclipse Adoptium\jdk-17.0.10.7-hotspot\bin\jli.dll
0x00007ffa87b70000 - 0x00007ffa87b8b000 	C:\Users\Daniel\AppData\Local\Programs\Eclipse Adoptium\jdk-17.0.10.7-hotspot\bin\VCRUNTIME140.dll
0x00007ffa9c3d0000 - 0x00007ffa9c57d000 	C:\WINDOWS\System32\USER32.dll
0x00007ffa9a6b0000 - 0x00007ffa9a6d6000 	C:\WINDOWS\System32\win32u.dll
0x00007ffa7e3c0000 - 0x00007ffa7e665000 	C:\WINDOWS\WinSxS\amd64_microsoft.windows.common-controls_6595b64144ccf1df_6.0.22000.120_none_9d947278b86cc467\COMCTL32.dll
0x00007ffa9bc20000 - 0x00007ffa9bc4a000 	C:\WINDOWS\System32\GDI32.dll
0x00007ffa9ac40000 - 0x00007ffa9ad5e000 	C:\WINDOWS\System32\gdi32full.dll
0x00007ffa9b850000 - 0x00007ffa9b8f3000 	C:\WINDOWS\System32\msvcrt.dll
0x00007ffa9aba0000 - 0x00007ffa9ac3d000 	C:\WINDOWS\System32\msvcp_win.dll
0x00007ffa9c390000 - 0x00007ffa9c3c1000 	C:\WINDOWS\System32\IMM32.DLL
0x00007ffa974b0000 - 0x00007ffa974bc000 	C:\Users\Daniel\AppData\Local\Programs\Eclipse Adoptium\jdk-17.0.10.7-hotspot\bin\vcruntime140_1.dll
0x00007ffa87a80000 - 0x00007ffa87b0d000 	C:\Users\Daniel\AppData\Local\Programs\Eclipse Adoptium\jdk-17.0.10.7-hotspot\bin\msvcp140.dll
0x00007ffa0d320000 - 0x00007ffa0df82000 	C:\Users\Daniel\AppData\Local\Programs\Eclipse Adoptium\jdk-17.0.10.7-hotspot\bin\server\jvm.dll
0x00007ffa9be10000 - 0x00007ffa9bebe000 	C:\WINDOWS\System32\ADVAPI32.dll
0x00007ffa9b3b0000 - 0x00007ffa9b44e000 	C:\WINDOWS\System32\sechost.dll
0x00007ffa9b900000 - 0x00007ffa9ba21000 	C:\WINDOWS\System32\RPCRT4.dll
0x00007ffa92b90000 - 0x00007ffa92b99000 	C:\WINDOWS\SYSTEM32\WSOCK32.dll
0x00007ffa99d40000 - 0x00007ffa99d8d000 	C:\WINDOWS\SYSTEM32\POWRPROF.dll
0x00007ffa929d0000 - 0x00007ffa92a03000 	C:\WINDOWS\SYSTEM32\WINMM.dll
0x00007ffa9ce90000 - 0x00007ffa9ceff000 	C:\WINDOWS\System32\WS2_32.dll
0x00007ffa8f230000 - 0x00007ffa8f23a000 	C:\WINDOWS\SYSTEM32\VERSION.dll
0x00007ffa99ce0000 - 0x00007ffa99cf3000 	C:\WINDOWS\SYSTEM32\UMPDC.dll
0x00007ffa995b0000 - 0x00007ffa995c8000 	C:\WINDOWS\SYSTEM32\kernel.appcore.dll
0x00007ffa92ad0000 - 0x00007ffa92ada000 	C:\Users\Daniel\AppData\Local\Programs\Eclipse Adoptium\jdk-17.0.10.7-hotspot\bin\jimage.dll
0x00007ffa98180000 - 0x00007ffa983a1000 	C:\WINDOWS\SYSTEM32\DBGHELP.DLL
0x00007ffa8cf60000 - 0x00007ffa8cf91000 	C:\WINDOWS\SYSTEM32\dbgcore.DLL
0x00007ffa9a630000 - 0x00007ffa9a6af000 	C:\WINDOWS\System32\bcryptPrimitives.dll
0x00007ffa87b40000 - 0x00007ffa87b65000 	C:\Users\Daniel\AppData\Local\Programs\Eclipse Adoptium\jdk-17.0.10.7-hotspot\bin\java.dll

dbghelp: loaded successfully - version: 4.0.5 - missing functions: none
symbol engine: initialized successfully - sym options: 0x614 - pdb path: .;C:\Users\Daniel\AppData\Local\Programs\Eclipse Adoptium\jdk-17.0.10.7-hotspot\bin;C:\WINDOWS\SYSTEM32;C:\WINDOWS\WinSxS\amd64_microsoft.windows.common-controls_6595b64144ccf1df_6.0.22000.120_none_9d947278b86cc467;C:\Users\Daniel\AppData\Local\Programs\Eclipse Adoptium\jdk-17.0.10.7-hotspot\bin\server

VM Arguments:
jvm_args: -XX:+ShowCodeDetailsInExceptionMessages 
java_command: App
java_class_path (initial): C:\Users\Daniel\AppData\Roaming\Code\User\workspaceStorage\69f2de7bebcc3b93be2c92e04d85ef9e\redhat.java\jdt_ws\SE-Project_e19a3c62\bin;c:\Users\Daniel\Documents\GitHub\SE-Project\Tally\json-simple-1.1.1.jar;c:\Users\Daniel\Documents\GitHub\SE-Project\tally\mysql-connector-j-8.3.0.jar;c:\Users\Daniel\Documents\GitHub\SE-Project\Tally\json-20240303 - Copy - Copy.jar
Launcher Type: SUN_STANDARD

[Global flags]
     intx CICompilerCount                          = 4                                         {product} {ergonomic}
     uint ConcGCThreads                            = 2                                         {product} {ergonomic}
     uint G1ConcRefinementThreads                  = 8                                         {product} {ergonomic}
   size_t G1HeapRegionSize                         = 1048576                                   {product} {ergonomic}
    uintx GCDrainStackTargetSize                   = 64                                        {product} {ergonomic}
   size_t InitialHeapSize                          = 132120576                                 {product} {ergonomic}
   size_t MarkStackSize                            = 4194304                                   {product} {ergonomic}
   size_t MaxHeapSize                              = 2103443456                                {product} {ergonomic}
   size_t MinHeapDeltaBytes                        = 1048576                                   {product} {ergonomic}
   size_t MinHeapSize                              = 8388608                                   {product} {ergonomic}
    uintx NonNMethodCodeHeapSize                   = 5839372                                {pd product} {ergonomic}
    uintx NonProfiledCodeHeapSize                  = 122909434                              {pd product} {ergonomic}
    uintx ProfiledCodeHeapSize                     = 122909434                              {pd product} {ergonomic}
    uintx ReservedCodeCacheSize                    = 251658240                              {pd product} {ergonomic}
     bool SegmentedCodeCache                       = true                                      {product} {ergonomic}
     bool ShowCodeDetailsInExceptionMessages       = true                                   {manageable} {command line}
   size_t SoftMaxHeapSize                          = 2103443456                             {manageable} {ergonomic}
     bool UseCompressedClassPointers               = true                           {product lp64_product} {ergonomic}
     bool UseCompressedOops                        = true                           {product lp64_product} {ergonomic}
     bool UseG1GC                                  = true                                      {product} {ergonomic}
     bool UseLargePagesIndividualAllocation        = false                                  {pd product} {ergonomic}

Logging:
Log output configuration:
 #0: stdout all=warning uptime,level,tags
 #1: stderr all=off uptime,level,tags

Environment Variables:
JAVA_HOME=C:\Users\Daniel\AppData\Local\Programs\Eclipse Adoptium\jdk-17.0.10.7-hotspot\
PATH=C:\Python312\Scripts\;C:\Python312\;C:\WINDOWS\system32;C:\WINDOWS;C:\WINDOWS\System32\Wbem;C:\WINDOWS\System32\WindowsPowerShell\v1.0\;C:\WINDOWS\System32\OpenSSH\;C:\Program Files\PuTTY\;C:\Program Files\Git\cmd;C:\ProgramData\chocolatey\bin;C:\Program Files\nodejs\;C:\Users\Daniel\AppData\Local\Programs\Eclipse Adoptium\jdk-17.0.10.7-hotspot\bin;C:\Users\Daniel\AppData\Local\Microsoft\WindowsApps;C:\Users\Daniel\AppData\Local\Programs\Microsoft VS Code\bin;C:\Users\Daniel\AppData\Local\GitHubDesktop\bin;C:\Users\Daniel\AppData\Roaming\npm
USERNAME=Daniel
LANG=en_US.UTF-8
OS=Windows_NT
PROCESSOR_IDENTIFIER=Intel64 Family 6 Model 140 Stepping 1, GenuineIntel
TMP=C:\Users\Daniel\AppData\Local\Temp
TEMP=C:\Users\Daniel\AppData\Local\Temp



Periodic native trim disabled


---------------  S Y S T E M  ---------------

OS:
 Windows 11 , 64 bit Build 22000 (10.0.22000.2538)
OS uptime: 5 days 3:25 hours
Hyper-V role detected

CPU: total 8 (initial active 8) (4 cores per cpu, 2 threads per core) family 6 model 140 stepping 1 microcode 0xac, cx8, cmov, fxsr, ht, mmx, 3dnowpref, sse, sse2, sse3, ssse3, sse4.1, sse4.2, popcnt, lzcnt, tsc, tscinvbit, avx, avx2, aes, erms, clmul, bmi1, bmi2, adx, avx512f, avx512dq, avx512cd, avx512bw, avx512vl, sha, fma, vzeroupper, avx512_vpopcntdq, avx512_vpclmulqdq, avx512_vaes, avx512_vnni, clflush, clflushopt, clwb, avx512_vbmi2, avx512_vbmi, hv
Processor Information for all 8 processors :
  Max Mhz: 2419, Current Mhz: 2419, Mhz Limit: 2419

Memory: 4k page, system-wide physical 8017M (928M free)
TotalPageFile size 12727M (AvailPageFile size 32M)
current process WorkingSet (physical memory assigned to process): 10M, peak: 10M
current process commit charge ("private bytes"): 60M, peak: 186M

vm_info: OpenJDK 64-Bit Server VM (17.0.10+7) for windows-amd64 JRE (17.0.10+7), built on Jan 16 2024 23:25:11 by "admin" with MS VC++ 16.10 / 16.11 (VS2019)

END.
